<?xml version="1.0" encoding="UTF-8"?>
<!-- Generated by org.testng.reporters.JUnitReportReporter -->
<testsuite hostname="DESKTOP-V31BIB8" failures="0" tests="1" name="com.utility.DataProviderSets" time="2.022" errors="0" timestamp="2023-04-02T18:39:13 IST" skipped="0">
  <testcase classname="com.utility.DataProviderSets" name="loginTestData" time="2.022"/>
  <system-out/>
</testsuite> <!-- com.utility.DataProviderSets -->
