<?xml version="1.0" encoding="UTF-8"?>
<!-- Generated by org.testng.reporters.JUnitReportReporter -->
<testsuite hostname="DESKTOP-V31BIB8" failures="0" tests="3" name="com.testcases.HomePage" time="128.138" errors="0" timestamp="2023-04-08T19:14:44 IST" skipped="0">
  <testcase classname="com.testcases.HomePage" name="handleDropDown" time="31.741"/>
  <system-out/>
  <testcase classname="com.testcases.HomePage" name="validateHomePage" time="47.694"/>
  <system-out/>
  <testcase classname="com.testcases.HomePage" name="validateHomePage2" time="48.703"/>
  <system-out/>
</testsuite> <!-- com.testcases.HomePage -->
