<?xml version="1.0" encoding="UTF-8"?>
<!-- Generated by org.testng.reporters.JUnitReportReporter -->
<testsuite hostname="DESKTOP-V31BIB8" failures="0" tests="2" name="com.testcases.HomePage" time="72.052" errors="0" timestamp="2023-04-07T13:14:35 IST" skipped="0">
  <testcase classname="com.testcases.HomePage" name="validateHomePage2" time="36.201"/>
  <system-out/>
  <testcase classname="com.testcases.HomePage" name="validateHomePage" time="35.851"/>
  <system-out/>
</testsuite> <!-- com.testcases.HomePage -->
