<?xml version="1.0" encoding="UTF-8"?>
<!-- Generated by org.testng.reporters.JUnitReportReporter -->
<testsuite hostname="DESKTOP-V31BIB8" failures="0" tests="1" name="UI_API_Framework.UI_API_Framework.AppTest" time="19.377" errors="0" timestamp="2023-03-27T17:21:59 PDT" skipped="0">
  <testcase classname="UI_API_Framework.UI_API_Framework.AppTest" name="firstTest" time="19.377"/>
  <system-out/>
</testsuite> <!-- UI_API_Framework.UI_API_Framework.AppTest -->
